nx.average_clustering(G, weighted=False), validate error: Traceback (most recent call last):
  File "/dataset/zhang/anaconda3/envs/networkx1.6/lib/python3.8/site-packages/networkx/classes/graph.py", line 1797, in bunch_iter
    for n in nlist:
TypeError: 'bool' object is not iterable

During handling of the above exception, another exception occurred:

Traceback (most recent call last):
  File "verifySingle.py", line 12, in <module>
    eval(callAPI)
  File "<string>", line 1, in <module>
  File "/dataset/zhang/anaconda3/envs/networkx1.6/lib/python3.8/site-packages/networkx/algorithms/cluster.py", line 170, in average_clustering
    c=clustering(G,nodes,weight=weight).values()
  File "/dataset/zhang/anaconda3/envs/networkx1.6/lib/python3.8/site-packages/networkx/algorithms/cluster.py", line 247, in clustering
    for v,d,t in td_iter:
  File "/dataset/zhang/anaconda3/envs/networkx1.6/lib/python3.8/site-packages/networkx/algorithms/cluster.py", line 74, in _triangles_and_degree_iter
    for v,v_nbrs in nodes_nbrs:
  File "/dataset/zhang/anaconda3/envs/networkx1.6/lib/python3.8/site-packages/networkx/algorithms/cluster.py", line 72, in <genexpr>
    nodes_nbrs= ( (n,G[n]) for n in G.nbunch_iter(nodes) )
  File "/dataset/zhang/anaconda3/envs/networkx1.6/lib/python3.8/site-packages/networkx/classes/graph.py", line 1805, in bunch_iter
    raise NetworkXError(\
networkx.exception.NetworkXError: nbunch is not a node or a sequence of nodes.


