model.similarity_unseen_docs(doc_words1, doc_words2, alpha=0.025), validate error: Traceback (most recent call last):
  File "verifySingle.py", line 21, in <module>
    eval(callAPI)
  File "<string>", line 1, in <module>
  File "/dataset/zhang/anaconda3/envs/gensim4.1.0/lib/python3.8/site-packages/gensim/models/doc2vec.py", line 1081, in similarity_unseen_docs
    d1 = self.infer_vector(doc_words=doc_words1, alpha=alpha, min_alpha=min_alpha, epochs=epochs)
  File "/dataset/zhang/anaconda3/envs/gensim4.1.0/lib/python3.8/site-packages/gensim/models/doc2vec.py", line 649, in infer_vector
    train_document_dm(
  File "gensim/models/doc2vec_inner.pyx", line 504, in gensim.models.doc2vec_inner.train_document_dm
AttributeError: 'Doc2Vec' object has no attribute 'shrink_windows'


model.similarity_unseen_docs(doc_words1, doc_words2, alpha=0.025), validate error: Traceback (most recent call last):
  File "verifySingle.py", line 21, in <module>
    eval(callAPI)
  File "<string>", line 1, in <module>
  File "/dataset/zhang/anaconda3/envs/gensim4.1.0/lib/python3.8/site-packages/gensim/models/doc2vec.py", line 1081, in similarity_unseen_docs
    d1 = self.infer_vector(doc_words=doc_words1, alpha=alpha, min_alpha=min_alpha, epochs=epochs)
  File "/dataset/zhang/anaconda3/envs/gensim4.1.0/lib/python3.8/site-packages/gensim/models/doc2vec.py", line 649, in infer_vector
    train_document_dm(
  File "gensim/models/doc2vec_inner.pyx", line 504, in gensim.models.doc2vec_inner.train_document_dm
AttributeError: 'Doc2Vec' object has no attribute 'shrink_windows'


